<?xml version="1.0" encoding="UTF-8"?>
<testsuite xmlns:xsi="http://www.w3.org/2001/XMLSchema-instance" xsi:noNamespaceSchemaLocation="https://maven.apache.org/surefire/maven-surefire-plugin/xsd/surefire-test-report.xsd" name="top.weidaboy.WeidaboyApplicationTests" time="7.233" tests="2" errors="0" skipped="0" failures="0">
  <properties>
    <property name="sun.desktop" value="windows"/>
    <property name="awt.toolkit" value="sun.awt.windows.WToolkit"/>
    <property name="file.encoding.pkg" value="sun.io"/>
    <property name="java.specification.version" value="1.8"/>
    <property name="sun.cpu.isalist" value="amd64"/>
    <property name="sun.jnu.encoding" value="GBK"/>
    <property name="java.class.path" value="D:\ADaDemo\springboot_08_web_mybatis\target\test-classes;D:\ADaDemo\springboot_08_web_mybatis\target\classes;D:\MyJava\Mywarehouse\org\springframework\boot\spring-boot-starter-thymeleaf\2.3.3.RELEASE\spring-boot-starter-thymeleaf-2.3.3.RELEASE.jar;D:\MyJava\Mywarehouse\org\springframework\boot\spring-boot-starter\2.3.3.RELEASE\spring-boot-starter-2.3.3.RELEASE.jar;D:\MyJava\Mywarehouse\org\springframework\boot\spring-boot-starter-logging\2.3.3.RELEASE\spring-boot-starter-logging-2.3.3.RELEASE.jar;D:\MyJava\Mywarehouse\ch\qos\logback\logback-classic\1.2.3\logback-classic-1.2.3.jar;D:\MyJava\Mywarehouse\ch\qos\logback\logback-core\1.2.3\logback-core-1.2.3.jar;D:\MyJava\Mywarehouse\org\apache\logging\log4j\log4j-to-slf4j\2.13.3\log4j-to-slf4j-2.13.3.jar;D:\MyJava\Mywarehouse\org\apache\logging\log4j\log4j-api\2.13.3\log4j-api-2.13.3.jar;D:\MyJava\Mywarehouse\org\slf4j\jul-to-slf4j\1.7.30\jul-to-slf4j-1.7.30.jar;D:\MyJava\Mywarehouse\jakarta\annotation\jakarta.annotation-api\1.3.5\jakarta.annotation-api-1.3.5.jar;D:\MyJava\Mywarehouse\org\yaml\snakeyaml\1.26\snakeyaml-1.26.jar;D:\MyJava\Mywarehouse\org\thymeleaf\thymeleaf-spring5\3.0.11.RELEASE\thymeleaf-spring5-3.0.11.RELEASE.jar;D:\MyJava\Mywarehouse\org\thymeleaf\thymeleaf\3.0.11.RELEASE\thymeleaf-3.0.11.RELEASE.jar;D:\MyJava\Mywarehouse\org\attoparser\attoparser\2.0.5.RELEASE\attoparser-2.0.5.RELEASE.jar;D:\MyJava\Mywarehouse\org\unbescape\unbescape\1.1.6.RELEASE\unbescape-1.1.6.RELEASE.jar;D:\MyJava\Mywarehouse\org\thymeleaf\extras\thymeleaf-extras-java8time\3.0.4.RELEASE\thymeleaf-extras-java8time-3.0.4.RELEASE.jar;D:\MyJava\Mywarehouse\org\springframework\boot\spring-boot-devtools\2.3.3.RELEASE\spring-boot-devtools-2.3.3.RELEASE.jar;D:\MyJava\Mywarehouse\org\springframework\boot\spring-boot\2.3.3.RELEASE\spring-boot-2.3.3.RELEASE.jar;D:\MyJava\Mywarehouse\org\springframework\spring-context\5.2.8.RELEASE\spring-context-5.2.8.RELEASE.jar;D:\MyJava\Mywarehouse\org\springframework\boot\spring-boot-autoconfigure\2.3.3.RELEASE\spring-boot-autoconfigure-2.3.3.RELEASE.jar;D:\MyJava\Mywarehouse\org\webjars\jquery\3.4.1\jquery-3.4.1.jar;D:\MyJava\Mywarehouse\org\springframework\boot\spring-boot-starter-web\2.3.3.RELEASE\spring-boot-starter-web-2.3.3.RELEASE.jar;D:\MyJava\Mywarehouse\org\springframework\boot\spring-boot-starter-json\2.3.3.RELEASE\spring-boot-starter-json-2.3.3.RELEASE.jar;D:\MyJava\Mywarehouse\com\fasterxml\jackson\core\jackson-databind\2.11.2\jackson-databind-2.11.2.jar;D:\MyJava\Mywarehouse\com\fasterxml\jackson\core\jackson-annotations\2.11.2\jackson-annotations-2.11.2.jar;D:\MyJava\Mywarehouse\com\fasterxml\jackson\core\jackson-core\2.11.2\jackson-core-2.11.2.jar;D:\MyJava\Mywarehouse\com\fasterxml\jackson\datatype\jackson-datatype-jdk8\2.11.2\jackson-datatype-jdk8-2.11.2.jar;D:\MyJava\Mywarehouse\com\fasterxml\jackson\datatype\jackson-datatype-jsr310\2.11.2\jackson-datatype-jsr310-2.11.2.jar;D:\MyJava\Mywarehouse\com\fasterxml\jackson\module\jackson-module-parameter-names\2.11.2\jackson-module-parameter-names-2.11.2.jar;D:\MyJava\Mywarehouse\org\springframework\boot\spring-boot-starter-tomcat\2.3.3.RELEASE\spring-boot-starter-tomcat-2.3.3.RELEASE.jar;D:\MyJava\Mywarehouse\org\apache\tomcat\embed\tomcat-embed-core\9.0.37\tomcat-embed-core-9.0.37.jar;D:\MyJava\Mywarehouse\org\glassfish\jakarta.el\3.0.3\jakarta.el-3.0.3.jar;D:\MyJava\Mywarehouse\org\apache\tomcat\embed\tomcat-embed-websocket\9.0.37\tomcat-embed-websocket-9.0.37.jar;D:\MyJava\Mywarehouse\org\springframework\spring-web\5.2.8.RELEASE\spring-web-5.2.8.RELEASE.jar;D:\MyJava\Mywarehouse\org\springframework\spring-beans\5.2.8.RELEASE\spring-beans-5.2.8.RELEASE.jar;D:\MyJava\Mywarehouse\org\springframework\spring-webmvc\5.2.8.RELEASE\spring-webmvc-5.2.8.RELEASE.jar;D:\MyJava\Mywarehouse\org\springframework\spring-aop\5.2.8.RELEASE\spring-aop-5.2.8.RELEASE.jar;D:\MyJava\Mywarehouse\org\springframework\spring-expression\5.2.8.RELEASE\spring-expression-5.2.8.RELEASE.jar;D:\MyJava\Mywarehouse\org\mybatis\spring\boot\mybatis-spring-boot-starter\2.1.3\mybatis-spring-boot-starter-2.1.3.jar;D:\MyJava\Mywarehouse\org\springframework\boot\spring-boot-starter-jdbc\2.3.3.RELEASE\spring-boot-starter-jdbc-2.3.3.RELEASE.jar;D:\MyJava\Mywarehouse\com\zaxxer\HikariCP\3.4.5\HikariCP-3.4.5.jar;D:\MyJava\Mywarehouse\org\springframework\spring-jdbc\5.2.8.RELEASE\spring-jdbc-5.2.8.RELEASE.jar;D:\MyJava\Mywarehouse\org\mybatis\spring\boot\mybatis-spring-boot-autoconfigure\2.1.3\mybatis-spring-boot-autoconfigure-2.1.3.jar;D:\MyJava\Mywarehouse\org\mybatis\mybatis\3.5.5\mybatis-3.5.5.jar;D:\MyJava\Mywarehouse\org\mybatis\mybatis-spring\2.0.5\mybatis-spring-2.0.5.jar;D:\MyJava\Mywarehouse\org\projectlombok\lombok\1.18.12\lombok-1.18.12.jar;D:\MyJava\Mywarehouse\org\springframework\boot\spring-boot-starter-test\2.3.3.RELEASE\spring-boot-starter-test-2.3.3.RELEASE.jar;D:\MyJava\Mywarehouse\org\springframework\boot\spring-boot-test\2.3.3.RELEASE\spring-boot-test-2.3.3.RELEASE.jar;D:\MyJava\Mywarehouse\org\springframework\boot\spring-boot-test-autoconfigure\2.3.3.RELEASE\spring-boot-test-autoconfigure-2.3.3.RELEASE.jar;D:\MyJava\Mywarehouse\com\jayway\jsonpath\json-path\2.4.0\json-path-2.4.0.jar;D:\MyJava\Mywarehouse\net\minidev\json-smart\2.3\json-smart-2.3.jar;D:\MyJava\Mywarehouse\net\minidev\accessors-smart\1.2\accessors-smart-1.2.jar;D:\MyJava\Mywarehouse\org\ow2\asm\asm\5.0.4\asm-5.0.4.jar;D:\MyJava\Mywarehouse\jakarta\xml\bind\jakarta.xml.bind-api\2.3.3\jakarta.xml.bind-api-2.3.3.jar;D:\MyJava\Mywarehouse\jakarta\activation\jakarta.activation-api\1.2.2\jakarta.activation-api-1.2.2.jar;D:\MyJava\Mywarehouse\org\assertj\assertj-core\3.16.1\assertj-core-3.16.1.jar;D:\MyJava\Mywarehouse\org\hamcrest\hamcrest\2.2\hamcrest-2.2.jar;D:\MyJava\Mywarehouse\org\junit\jupiter\junit-jupiter\5.6.2\junit-jupiter-5.6.2.jar;D:\MyJava\Mywarehouse\org\junit\jupiter\junit-jupiter-api\5.6.2\junit-jupiter-api-5.6.2.jar;D:\MyJava\Mywarehouse\org\apiguardian\apiguardian-api\1.1.0\apiguardian-api-1.1.0.jar;D:\MyJava\Mywarehouse\org\opentest4j\opentest4j\1.2.0\opentest4j-1.2.0.jar;D:\MyJava\Mywarehouse\org\junit\platform\junit-platform-commons\1.6.2\junit-platform-commons-1.6.2.jar;D:\MyJava\Mywarehouse\org\junit\jupiter\junit-jupiter-params\5.6.2\junit-jupiter-params-5.6.2.jar;D:\MyJava\Mywarehouse\org\junit\jupiter\junit-jupiter-engine\5.6.2\junit-jupiter-engine-5.6.2.jar;D:\MyJava\Mywarehouse\org\junit\platform\junit-platform-engine\1.6.2\junit-platform-engine-1.6.2.jar;D:\MyJava\Mywarehouse\org\mockito\mockito-core\3.3.3\mockito-core-3.3.3.jar;D:\MyJava\Mywarehouse\net\bytebuddy\byte-buddy\1.10.14\byte-buddy-1.10.14.jar;D:\MyJava\Mywarehouse\net\bytebuddy\byte-buddy-agent\1.10.14\byte-buddy-agent-1.10.14.jar;D:\MyJava\Mywarehouse\org\objenesis\objenesis\2.6\objenesis-2.6.jar;D:\MyJava\Mywarehouse\org\mockito\mockito-junit-jupiter\3.3.3\mockito-junit-jupiter-3.3.3.jar;D:\MyJava\Mywarehouse\org\skyscreamer\jsonassert\1.5.0\jsonassert-1.5.0.jar;D:\MyJava\Mywarehouse\com\vaadin\external\google\android-json\0.0.20131108.vaadin1\android-json-0.0.20131108.vaadin1.jar;D:\MyJava\Mywarehouse\org\springframework\spring-core\5.2.8.RELEASE\spring-core-5.2.8.RELEASE.jar;D:\MyJava\Mywarehouse\org\springframework\spring-jcl\5.2.8.RELEASE\spring-jcl-5.2.8.RELEASE.jar;D:\MyJava\Mywarehouse\org\springframework\spring-test\5.2.8.RELEASE\spring-test-5.2.8.RELEASE.jar;D:\MyJava\Mywarehouse\org\xmlunit\xmlunit-core\2.7.0\xmlunit-core-2.7.0.jar;D:\MyJava\Mywarehouse\com\alibaba\druid\1.1.17\druid-1.1.17.jar;D:\MyJava\Mywarehouse\mysql\mysql-connector-java\5.1.38\mysql-connector-java-5.1.38.jar;D:\MyJava\Mywarehouse\com\github\pagehelper\pagehelper-spring-boot-starter\1.2.12\pagehelper-spring-boot-starter-1.2.12.jar;D:\MyJava\Mywarehouse\com\github\pagehelper\pagehelper-spring-boot-autoconfigure\1.2.12\pagehelper-spring-boot-autoconfigure-1.2.12.jar;D:\MyJava\Mywarehouse\com\github\pagehelper\pagehelper\5.1.10\pagehelper-5.1.10.jar;D:\MyJava\Mywarehouse\com\github\jsqlparser\jsqlparser\2.0\jsqlparser-2.0.jar;D:\MyJava\Mywarehouse\redis\clients\jedis\3.1.0\jedis-3.1.0.jar;D:\MyJava\Mywarehouse\org\slf4j\slf4j-api\1.7.30\slf4j-api-1.7.30.jar;D:\MyJava\Mywarehouse\org\apache\commons\commons-pool2\2.8.1\commons-pool2-2.8.1.jar;D:\MyJava\Mywarehouse\org\springframework\boot\spring-boot-starter-data-redis\2.3.3.RELEASE\spring-boot-starter-data-redis-2.3.3.RELEASE.jar;D:\MyJava\Mywarehouse\org\springframework\data\spring-data-redis\2.3.3.RELEASE\spring-data-redis-2.3.3.RELEASE.jar;D:\MyJava\Mywarehouse\org\springframework\data\spring-data-keyvalue\2.3.3.RELEASE\spring-data-keyvalue-2.3.3.RELEASE.jar;D:\MyJava\Mywarehouse\org\springframework\data\spring-data-commons\2.3.3.RELEASE\spring-data-commons-2.3.3.RELEASE.jar;D:\MyJava\Mywarehouse\org\springframework\spring-tx\5.2.8.RELEASE\spring-tx-5.2.8.RELEASE.jar;D:\MyJava\Mywarehouse\org\springframework\spring-oxm\5.2.8.RELEASE\spring-oxm-5.2.8.RELEASE.jar;D:\MyJava\Mywarehouse\io\lettuce\lettuce-core\5.3.3.RELEASE\lettuce-core-5.3.3.RELEASE.jar;D:\MyJava\Mywarehouse\io\netty\netty-common\4.1.51.Final\netty-common-4.1.51.Final.jar;D:\MyJava\Mywarehouse\io\netty\netty-handler\4.1.51.Final\netty-handler-4.1.51.Final.jar;D:\MyJava\Mywarehouse\io\netty\netty-resolver\4.1.51.Final\netty-resolver-4.1.51.Final.jar;D:\MyJava\Mywarehouse\io\netty\netty-buffer\4.1.51.Final\netty-buffer-4.1.51.Final.jar;D:\MyJava\Mywarehouse\io\netty\netty-codec\4.1.51.Final\netty-codec-4.1.51.Final.jar;D:\MyJava\Mywarehouse\io\netty\netty-transport\4.1.51.Final\netty-transport-4.1.51.Final.jar;D:\MyJava\Mywarehouse\io\projectreactor\reactor-core\3.3.9.RELEASE\reactor-core-3.3.9.RELEASE.jar;D:\MyJava\Mywarehouse\org\reactivestreams\reactive-streams\1.0.3\reactive-streams-1.0.3.jar;D:\MyJava\Mywarehouse\org\springframework\boot\spring-boot-starter-cache\2.3.3.RELEASE\spring-boot-starter-cache-2.3.3.RELEASE.jar;D:\MyJava\Mywarehouse\org\springframework\spring-context-support\5.2.8.RELEASE\spring-context-support-5.2.8.RELEASE.jar;D:\MyJava\Mywarehouse\com\alibaba\fastjson\1.2.73\fastjson-1.2.73.jar;"/>
    <property name="java.vm.vendor" value="Oracle Corporation"/>
    <property name="sun.arch.data.model" value="64"/>
    <property name="user.variant" value=""/>
    <property name="java.vendor.url" value="http://java.oracle.com/"/>
    <property name="user.timezone" value="Asia/Shanghai"/>
    <property name="java.vm.specification.version" value="1.8"/>
    <property name="os.name" value="Windows 10"/>
    <property name="user.country" value="CN"/>
    <property name="sun.java.launcher" value="SUN_STANDARD"/>
    <property name="sun.boot.library.path" value="D:\MyJava\NewJdk\jre\bin"/>
    <property name="sun.java.command" value="C:\Users\VINDA_~1\AppData\Local\Temp\surefire7553986561551803910\surefirebooter1545561494520542196.jar C:\Users\Vinda_Boy\AppData\Local\Temp\surefire7553986561551803910 2020-09-05T00-42-52_907-jvmRun1 surefire4394894860770283124tmp surefire_03616512824624335040tmp"/>
    <property name="surefire.test.class.path" value="D:\ADaDemo\springboot_08_web_mybatis\target\test-classes;D:\ADaDemo\springboot_08_web_mybatis\target\classes;D:\MyJava\Mywarehouse\org\springframework\boot\spring-boot-starter-thymeleaf\2.3.3.RELEASE\spring-boot-starter-thymeleaf-2.3.3.RELEASE.jar;D:\MyJava\Mywarehouse\org\springframework\boot\spring-boot-starter\2.3.3.RELEASE\spring-boot-starter-2.3.3.RELEASE.jar;D:\MyJava\Mywarehouse\org\springframework\boot\spring-boot-starter-logging\2.3.3.RELEASE\spring-boot-starter-logging-2.3.3.RELEASE.jar;D:\MyJava\Mywarehouse\ch\qos\logback\logback-classic\1.2.3\logback-classic-1.2.3.jar;D:\MyJava\Mywarehouse\ch\qos\logback\logback-core\1.2.3\logback-core-1.2.3.jar;D:\MyJava\Mywarehouse\org\apache\logging\log4j\log4j-to-slf4j\2.13.3\log4j-to-slf4j-2.13.3.jar;D:\MyJava\Mywarehouse\org\apache\logging\log4j\log4j-api\2.13.3\log4j-api-2.13.3.jar;D:\MyJava\Mywarehouse\org\slf4j\jul-to-slf4j\1.7.30\jul-to-slf4j-1.7.30.jar;D:\MyJava\Mywarehouse\jakarta\annotation\jakarta.annotation-api\1.3.5\jakarta.annotation-api-1.3.5.jar;D:\MyJava\Mywarehouse\org\yaml\snakeyaml\1.26\snakeyaml-1.26.jar;D:\MyJava\Mywarehouse\org\thymeleaf\thymeleaf-spring5\3.0.11.RELEASE\thymeleaf-spring5-3.0.11.RELEASE.jar;D:\MyJava\Mywarehouse\org\thymeleaf\thymeleaf\3.0.11.RELEASE\thymeleaf-3.0.11.RELEASE.jar;D:\MyJava\Mywarehouse\org\attoparser\attoparser\2.0.5.RELEASE\attoparser-2.0.5.RELEASE.jar;D:\MyJava\Mywarehouse\org\unbescape\unbescape\1.1.6.RELEASE\unbescape-1.1.6.RELEASE.jar;D:\MyJava\Mywarehouse\org\thymeleaf\extras\thymeleaf-extras-java8time\3.0.4.RELEASE\thymeleaf-extras-java8time-3.0.4.RELEASE.jar;D:\MyJava\Mywarehouse\org\springframework\boot\spring-boot-devtools\2.3.3.RELEASE\spring-boot-devtools-2.3.3.RELEASE.jar;D:\MyJava\Mywarehouse\org\springframework\boot\spring-boot\2.3.3.RELEASE\spring-boot-2.3.3.RELEASE.jar;D:\MyJava\Mywarehouse\org\springframework\spring-context\5.2.8.RELEASE\spring-context-5.2.8.RELEASE.jar;D:\MyJava\Mywarehouse\org\springframework\boot\spring-boot-autoconfigure\2.3.3.RELEASE\spring-boot-autoconfigure-2.3.3.RELEASE.jar;D:\MyJava\Mywarehouse\org\webjars\jquery\3.4.1\jquery-3.4.1.jar;D:\MyJava\Mywarehouse\org\springframework\boot\spring-boot-starter-web\2.3.3.RELEASE\spring-boot-starter-web-2.3.3.RELEASE.jar;D:\MyJava\Mywarehouse\org\springframework\boot\spring-boot-starter-json\2.3.3.RELEASE\spring-boot-starter-json-2.3.3.RELEASE.jar;D:\MyJava\Mywarehouse\com\fasterxml\jackson\core\jackson-databind\2.11.2\jackson-databind-2.11.2.jar;D:\MyJava\Mywarehouse\com\fasterxml\jackson\core\jackson-annotations\2.11.2\jackson-annotations-2.11.2.jar;D:\MyJava\Mywarehouse\com\fasterxml\jackson\core\jackson-core\2.11.2\jackson-core-2.11.2.jar;D:\MyJava\Mywarehouse\com\fasterxml\jackson\datatype\jackson-datatype-jdk8\2.11.2\jackson-datatype-jdk8-2.11.2.jar;D:\MyJava\Mywarehouse\com\fasterxml\jackson\datatype\jackson-datatype-jsr310\2.11.2\jackson-datatype-jsr310-2.11.2.jar;D:\MyJava\Mywarehouse\com\fasterxml\jackson\module\jackson-module-parameter-names\2.11.2\jackson-module-parameter-names-2.11.2.jar;D:\MyJava\Mywarehouse\org\springframework\boot\spring-boot-starter-tomcat\2.3.3.RELEASE\spring-boot-starter-tomcat-2.3.3.RELEASE.jar;D:\MyJava\Mywarehouse\org\apache\tomcat\embed\tomcat-embed-core\9.0.37\tomcat-embed-core-9.0.37.jar;D:\MyJava\Mywarehouse\org\glassfish\jakarta.el\3.0.3\jakarta.el-3.0.3.jar;D:\MyJava\Mywarehouse\org\apache\tomcat\embed\tomcat-embed-websocket\9.0.37\tomcat-embed-websocket-9.0.37.jar;D:\MyJava\Mywarehouse\org\springframework\spring-web\5.2.8.RELEASE\spring-web-5.2.8.RELEASE.jar;D:\MyJava\Mywarehouse\org\springframework\spring-beans\5.2.8.RELEASE\spring-beans-5.2.8.RELEASE.jar;D:\MyJava\Mywarehouse\org\springframework\spring-webmvc\5.2.8.RELEASE\spring-webmvc-5.2.8.RELEASE.jar;D:\MyJava\Mywarehouse\org\springframework\spring-aop\5.2.8.RELEASE\spring-aop-5.2.8.RELEASE.jar;D:\MyJava\Mywarehouse\org\springframework\spring-expression\5.2.8.RELEASE\spring-expression-5.2.8.RELEASE.jar;D:\MyJava\Mywarehouse\org\mybatis\spring\boot\mybatis-spring-boot-starter\2.1.3\mybatis-spring-boot-starter-2.1.3.jar;D:\MyJava\Mywarehouse\org\springframework\boot\spring-boot-starter-jdbc\2.3.3.RELEASE\spring-boot-starter-jdbc-2.3.3.RELEASE.jar;D:\MyJava\Mywarehouse\com\zaxxer\HikariCP\3.4.5\HikariCP-3.4.5.jar;D:\MyJava\Mywarehouse\org\springframework\spring-jdbc\5.2.8.RELEASE\spring-jdbc-5.2.8.RELEASE.jar;D:\MyJava\Mywarehouse\org\mybatis\spring\boot\mybatis-spring-boot-autoconfigure\2.1.3\mybatis-spring-boot-autoconfigure-2.1.3.jar;D:\MyJava\Mywarehouse\org\mybatis\mybatis\3.5.5\mybatis-3.5.5.jar;D:\MyJava\Mywarehouse\org\mybatis\mybatis-spring\2.0.5\mybatis-spring-2.0.5.jar;D:\MyJava\Mywarehouse\org\projectlombok\lombok\1.18.12\lombok-1.18.12.jar;D:\MyJava\Mywarehouse\org\springframework\boot\spring-boot-starter-test\2.3.3.RELEASE\spring-boot-starter-test-2.3.3.RELEASE.jar;D:\MyJava\Mywarehouse\org\springframework\boot\spring-boot-test\2.3.3.RELEASE\spring-boot-test-2.3.3.RELEASE.jar;D:\MyJava\Mywarehouse\org\springframework\boot\spring-boot-test-autoconfigure\2.3.3.RELEASE\spring-boot-test-autoconfigure-2.3.3.RELEASE.jar;D:\MyJava\Mywarehouse\com\jayway\jsonpath\json-path\2.4.0\json-path-2.4.0.jar;D:\MyJava\Mywarehouse\net\minidev\json-smart\2.3\json-smart-2.3.jar;D:\MyJava\Mywarehouse\net\minidev\accessors-smart\1.2\accessors-smart-1.2.jar;D:\MyJava\Mywarehouse\org\ow2\asm\asm\5.0.4\asm-5.0.4.jar;D:\MyJava\Mywarehouse\jakarta\xml\bind\jakarta.xml.bind-api\2.3.3\jakarta.xml.bind-api-2.3.3.jar;D:\MyJava\Mywarehouse\jakarta\activation\jakarta.activation-api\1.2.2\jakarta.activation-api-1.2.2.jar;D:\MyJava\Mywarehouse\org\assertj\assertj-core\3.16.1\assertj-core-3.16.1.jar;D:\MyJava\Mywarehouse\org\hamcrest\hamcrest\2.2\hamcrest-2.2.jar;D:\MyJava\Mywarehouse\org\junit\jupiter\junit-jupiter\5.6.2\junit-jupiter-5.6.2.jar;D:\MyJava\Mywarehouse\org\junit\jupiter\junit-jupiter-api\5.6.2\junit-jupiter-api-5.6.2.jar;D:\MyJava\Mywarehouse\org\apiguardian\apiguardian-api\1.1.0\apiguardian-api-1.1.0.jar;D:\MyJava\Mywarehouse\org\opentest4j\opentest4j\1.2.0\opentest4j-1.2.0.jar;D:\MyJava\Mywarehouse\org\junit\platform\junit-platform-commons\1.6.2\junit-platform-commons-1.6.2.jar;D:\MyJava\Mywarehouse\org\junit\jupiter\junit-jupiter-params\5.6.2\junit-jupiter-params-5.6.2.jar;D:\MyJava\Mywarehouse\org\junit\jupiter\junit-jupiter-engine\5.6.2\junit-jupiter-engine-5.6.2.jar;D:\MyJava\Mywarehouse\org\junit\platform\junit-platform-engine\1.6.2\junit-platform-engine-1.6.2.jar;D:\MyJava\Mywarehouse\org\mockito\mockito-core\3.3.3\mockito-core-3.3.3.jar;D:\MyJava\Mywarehouse\net\bytebuddy\byte-buddy\1.10.14\byte-buddy-1.10.14.jar;D:\MyJava\Mywarehouse\net\bytebuddy\byte-buddy-agent\1.10.14\byte-buddy-agent-1.10.14.jar;D:\MyJava\Mywarehouse\org\objenesis\objenesis\2.6\objenesis-2.6.jar;D:\MyJava\Mywarehouse\org\mockito\mockito-junit-jupiter\3.3.3\mockito-junit-jupiter-3.3.3.jar;D:\MyJava\Mywarehouse\org\skyscreamer\jsonassert\1.5.0\jsonassert-1.5.0.jar;D:\MyJava\Mywarehouse\com\vaadin\external\google\android-json\0.0.20131108.vaadin1\android-json-0.0.20131108.vaadin1.jar;D:\MyJava\Mywarehouse\org\springframework\spring-core\5.2.8.RELEASE\spring-core-5.2.8.RELEASE.jar;D:\MyJava\Mywarehouse\org\springframework\spring-jcl\5.2.8.RELEASE\spring-jcl-5.2.8.RELEASE.jar;D:\MyJava\Mywarehouse\org\springframework\spring-test\5.2.8.RELEASE\spring-test-5.2.8.RELEASE.jar;D:\MyJava\Mywarehouse\org\xmlunit\xmlunit-core\2.7.0\xmlunit-core-2.7.0.jar;D:\MyJava\Mywarehouse\com\alibaba\druid\1.1.17\druid-1.1.17.jar;D:\MyJava\Mywarehouse\mysql\mysql-connector-java\5.1.38\mysql-connector-java-5.1.38.jar;D:\MyJava\Mywarehouse\com\github\pagehelper\pagehelper-spring-boot-starter\1.2.12\pagehelper-spring-boot-starter-1.2.12.jar;D:\MyJava\Mywarehouse\com\github\pagehelper\pagehelper-spring-boot-autoconfigure\1.2.12\pagehelper-spring-boot-autoconfigure-1.2.12.jar;D:\MyJava\Mywarehouse\com\github\pagehelper\pagehelper\5.1.10\pagehelper-5.1.10.jar;D:\MyJava\Mywarehouse\com\github\jsqlparser\jsqlparser\2.0\jsqlparser-2.0.jar;D:\MyJava\Mywarehouse\redis\clients\jedis\3.1.0\jedis-3.1.0.jar;D:\MyJava\Mywarehouse\org\slf4j\slf4j-api\1.7.30\slf4j-api-1.7.30.jar;D:\MyJava\Mywarehouse\org\apache\commons\commons-pool2\2.8.1\commons-pool2-2.8.1.jar;D:\MyJava\Mywarehouse\org\springframework\boot\spring-boot-starter-data-redis\2.3.3.RELEASE\spring-boot-starter-data-redis-2.3.3.RELEASE.jar;D:\MyJava\Mywarehouse\org\springframework\data\spring-data-redis\2.3.3.RELEASE\spring-data-redis-2.3.3.RELEASE.jar;D:\MyJava\Mywarehouse\org\springframework\data\spring-data-keyvalue\2.3.3.RELEASE\spring-data-keyvalue-2.3.3.RELEASE.jar;D:\MyJava\Mywarehouse\org\springframework\data\spring-data-commons\2.3.3.RELEASE\spring-data-commons-2.3.3.RELEASE.jar;D:\MyJava\Mywarehouse\org\springframework\spring-tx\5.2.8.RELEASE\spring-tx-5.2.8.RELEASE.jar;D:\MyJava\Mywarehouse\org\springframework\spring-oxm\5.2.8.RELEASE\spring-oxm-5.2.8.RELEASE.jar;D:\MyJava\Mywarehouse\io\lettuce\lettuce-core\5.3.3.RELEASE\lettuce-core-5.3.3.RELEASE.jar;D:\MyJava\Mywarehouse\io\netty\netty-common\4.1.51.Final\netty-common-4.1.51.Final.jar;D:\MyJava\Mywarehouse\io\netty\netty-handler\4.1.51.Final\netty-handler-4.1.51.Final.jar;D:\MyJava\Mywarehouse\io\netty\netty-resolver\4.1.51.Final\netty-resolver-4.1.51.Final.jar;D:\MyJava\Mywarehouse\io\netty\netty-buffer\4.1.51.Final\netty-buffer-4.1.51.Final.jar;D:\MyJava\Mywarehouse\io\netty\netty-codec\4.1.51.Final\netty-codec-4.1.51.Final.jar;D:\MyJava\Mywarehouse\io\netty\netty-transport\4.1.51.Final\netty-transport-4.1.51.Final.jar;D:\MyJava\Mywarehouse\io\projectreactor\reactor-core\3.3.9.RELEASE\reactor-core-3.3.9.RELEASE.jar;D:\MyJava\Mywarehouse\org\reactivestreams\reactive-streams\1.0.3\reactive-streams-1.0.3.jar;D:\MyJava\Mywarehouse\org\springframework\boot\spring-boot-starter-cache\2.3.3.RELEASE\spring-boot-starter-cache-2.3.3.RELEASE.jar;D:\MyJava\Mywarehouse\org\springframework\spring-context-support\5.2.8.RELEASE\spring-context-support-5.2.8.RELEASE.jar;D:\MyJava\Mywarehouse\com\alibaba\fastjson\1.2.73\fastjson-1.2.73.jar;"/>
    <property name="sun.cpu.endian" value="little"/>
    <property name="user.home" value="C:\Users\Vinda_Boy"/>
    <property name="user.language" value="zh"/>
    <property name="java.specification.vendor" value="Oracle Corporation"/>
    <property name="java.home" value="D:\MyJava\NewJdk\jre"/>
    <property name="basedir" value="D:\ADaDemo\springboot_08_web_mybatis"/>
    <property name="file.separator" value="\"/>
    <property name="line.separator" value="&#10;"/>
    <property name="java.vm.specification.vendor" value="Oracle Corporation"/>
    <property name="java.specification.name" value="Java Platform API Specification"/>
    <property name="java.awt.graphicsenv" value="sun.awt.Win32GraphicsEnvironment"/>
    <property name="surefire.real.class.path" value="C:\Users\VINDA_~1\AppData\Local\Temp\surefire7553986561551803910\surefirebooter1545561494520542196.jar"/>
    <property name="sun.boot.class.path" value="D:\MyJava\NewJdk\jre\lib\resources.jar;D:\MyJava\NewJdk\jre\lib\rt.jar;D:\MyJava\NewJdk\jre\lib\sunrsasign.jar;D:\MyJava\NewJdk\jre\lib\jsse.jar;D:\MyJava\NewJdk\jre\lib\jce.jar;D:\MyJava\NewJdk\jre\lib\charsets.jar;D:\MyJava\NewJdk\jre\lib\jfr.jar;D:\MyJava\NewJdk\jre\classes"/>
    <property name="user.script" value=""/>
    <property name="sun.management.compiler" value="HotSpot 64-Bit Tiered Compilers"/>
    <property name="java.runtime.version" value="1.8.0_231-b11"/>
    <property name="user.name" value="Vinda_Boy"/>
    <property name="path.separator" value=";"/>
    <property name="os.version" value="10.0"/>
    <property name="java.endorsed.dirs" value="D:\MyJava\NewJdk\jre\lib\endorsed"/>
    <property name="java.runtime.name" value="Java(TM) SE Runtime Environment"/>
    <property name="file.encoding" value="GBK"/>
    <property name="java.vm.name" value="Java HotSpot(TM) 64-Bit Server VM"/>
    <property name="localRepository" value="D:\MyJava\Mywarehouse"/>
    <property name="java.vendor.url.bug" value="http://bugreport.sun.com/bugreport/"/>
    <property name="java.io.tmpdir" value="C:\Users\VINDA_~1\AppData\Local\Temp\"/>
    <property name="java.version" value="1.8.0_231"/>
    <property name="user.dir" value="D:\ADaDemo\springboot_08_web_mybatis"/>
    <property name="os.arch" value="amd64"/>
    <property name="java.vm.specification.name" value="Java Virtual Machine Specification"/>
    <property name="java.awt.printerjob" value="sun.awt.windows.WPrinterJob"/>
    <property name="idea.version2019.3.1" value="true"/>
    <property name="sun.os.patch.level" value=""/>
    <property name="java.library.path" value="D:\MyJava\NewJdk\jre\bin;C:\WINDOWS\Sun\Java\bin;C:\WINDOWS\system32;C:\WINDOWS;E:\app\Vinda_Boy\product\11.2.0\dbhome_1\bin;D:\MyJava\NewJdk\bin;D:\MyJava\NewJdk\lib;D:\MyJava\apache-tomcat-8.5.57-windows-x64\apache-tomcat-8.5.57\bin;D:\MyJava\apache-tomcat-8.5.57-windows-x64\apache-tomcat-8.5.57\lib;D:\mysql-8.0.17-winx64\bin;C:\Program Files\Microsoft SQL Server\110\Tools\Binn\;C:\WINDOWS\system32;C:\WINDOWS;C:\WINDOWS\System32\Wbem;C:\WINDOWS\System32\WindowsPowerShell\v1.0\;C:\WINDOWS\System32\OpenSSH\;C:\Program Files\MySQL\MySQL Server 5.6\bin;C:\Program Files (x86)\Windows Kits\8.1\Windows Performance Toolkit\;D:\MyJava\apache-maven-3.6.3\bin;D:\nodejs\node_global;D:\nodejs\node_global;D:\nodejs\;C:\Users\Vinda_Boy\AppData\Local\Programs\Python\Python36\Scripts\;C:\Users\Vinda_Boy\AppData\Local\Programs\Python\Python36\;C:\Users\Vinda_Boy\AppData\Local\Microsoft\WindowsApps;;D:\Microsoft VS Code\bin;C:\Users\Vinda_Boy\AppData\Roaming\npm;."/>
    <property name="java.vm.info" value="mixed mode"/>
    <property name="java.vendor" value="Oracle Corporation"/>
    <property name="java.vm.version" value="25.231-b11"/>
    <property name="java.ext.dirs" value="D:\MyJava\NewJdk\jre\lib\ext;C:\WINDOWS\Sun\Java\lib\ext"/>
    <property name="sun.io.unicode.encoding" value="UnicodeLittle"/>
    <property name="java.class.version" value="52.0"/>
  </properties>
  <testcase name="test01" classname="top.weidaboy.WeidaboyApplicationTests" time="0.283"/>
  <testcase name="contextLoads" classname="top.weidaboy.WeidaboyApplicationTests" time="0.015"/>
</testsuite>